Loading ClinVar data...

Dataset shape: (150, 10)

Distribution:
GeneSymbol
BRCA1    30
TP53     30
EGFR     30
KRAS     30
PTEN     30
Name: count, dtype: int64

Significance breakdown:
ClinicalSignificance
Uncertain significance                   48
Benign/Likely benign                     36
Pathogenic                               29
Pathogenic/Likely pathogenic             19
Benign                                   14
Pathogenic; drug response                 2
Uncertain significance; drug response     2
Name: count, dtype: int64

Saved to data/variants_clean.csv ✓
